Build started 11/5/2014 10:25:18 PM.
     1>Project "c:\Users\hp\documents\visual studio 2010\Projects\fathya3\fathya3\fathya3.vcxproj" on node 2 (build target(s)).
     1>PrepareForBuild:
         Creating directory "c:\users\hp\documents\visual studio 2010\Projects\fathya3\Debug\".
       InitializeBuildStatus:
         Creating "Debug\fathya3.unsuccessfulbuild" because "AlwaysCreate" was specified.
       ClCompile:
         C:\Program Files (x86)\Microsoft Visual Studio 10.0\VC\bin\CL.exe /c /ZI /nologo /W3 /WX- /Od /Oy- /D _MBCS /Gm /EHsc /RTC1 /MDd /GS /fp:precise /Zc:wchar_t /Zc:forScope /Fo"Debug\\" /Fd"Debug\vc100.pdb" /Gd /TP /analyze- /errorReport:prompt a.cpp
         a.cpp
     1>c:\users\hp\documents\visual studio 2010\projects\fathya3\fathya3\a.cpp(12): warning C4996: 'scanf': This function or variable may be unsafe. Consider using scanf_s instead. To disable deprecation, use _CRT_SECURE_NO_WARNINGS. See online help for details.
                 c:\program files (x86)\microsoft visual studio 10.0\vc\include\stdio.h(304) : see declaration of 'scanf'
     1>c:\users\hp\documents\visual studio 2010\projects\fathya3\fathya3\a.cpp(35): warning C4996: 'scanf': This function or variable may be unsafe. Consider using scanf_s instead. To disable deprecation, use _CRT_SECURE_NO_WARNINGS. See online help for details.
                 c:\program files (x86)\microsoft visual studio 10.0\vc\include\stdio.h(304) : see declaration of 'scanf'
     1>c:\users\hp\documents\visual studio 2010\projects\fathya3\fathya3\a.cpp(43): warning C4996: 'scanf': This function or variable may be unsafe. Consider using scanf_s instead. To disable deprecation, use _CRT_SECURE_NO_WARNINGS. See online help for details.
                 c:\program files (x86)\microsoft visual studio 10.0\vc\include\stdio.h(304) : see declaration of 'scanf'
     1>c:\users\hp\documents\visual studio 2010\projects\fathya3\fathya3\a.cpp(49): warning C4996: 'scanf': This function or variable may be unsafe. Consider using scanf_s instead. To disable deprecation, use _CRT_SECURE_NO_WARNINGS. See online help for details.
                 c:\program files (x86)\microsoft visual studio 10.0\vc\include\stdio.h(304) : see declaration of 'scanf'
     1>c:\users\hp\documents\visual studio 2010\projects\fathya3\fathya3\a.cpp(56): warning C4996: 'strcpy': This function or variable may be unsafe. Consider using strcpy_s instead. To disable deprecation, use _CRT_SECURE_NO_WARNINGS. See online help for details.
                 c:\program files (x86)\microsoft visual studio 10.0\vc\include\string.h(105) : see declaration of 'strcpy'
     1>c:\users\hp\documents\visual studio 2010\projects\fathya3\fathya3\a.cpp(76): warning C4996: 'strcpy': This function or variable may be unsafe. Consider using strcpy_s instead. To disable deprecation, use _CRT_SECURE_NO_WARNINGS. See online help for details.
                 c:\program files (x86)\microsoft visual studio 10.0\vc\include\string.h(105) : see declaration of 'strcpy'
     1>c:\users\hp\documents\visual studio 2010\projects\fathya3\fathya3\a.cpp(99): warning C4996: 'scanf': This function or variable may be unsafe. Consider using scanf_s instead. To disable deprecation, use _CRT_SECURE_NO_WARNINGS. See online help for details.
                 c:\program files (x86)\microsoft visual studio 10.0\vc\include\stdio.h(304) : see declaration of 'scanf'
     1>c:\users\hp\documents\visual studio 2010\projects\fathya3\fathya3\a.cpp(102): warning C4996: 'strcmpi': The POSIX name for this item is deprecated. Instead, use the ISO C++ conformant name: _strcmpi. See online help for details.
                 c:\program files (x86)\microsoft visual studio 10.0\vc\include\string.h(245) : see declaration of 'strcmpi'
     1>c:\users\hp\documents\visual studio 2010\projects\fathya3\fathya3\a.cpp(106): warning C4996: 'strcpy': This function or variable may be unsafe. Consider using strcpy_s instead. To disable deprecation, use _CRT_SECURE_NO_WARNINGS. See online help for details.
                 c:\program files (x86)\microsoft visual studio 10.0\vc\include\string.h(105) : see declaration of 'strcpy'
     1>c:\users\hp\documents\visual studio 2010\projects\fathya3\fathya3\a.cpp(111): warning C4996: 'strcmpi': The POSIX name for this item is deprecated. Instead, use the ISO C++ conformant name: _strcmpi. See online help for details.
                 c:\program files (x86)\microsoft visual studio 10.0\vc\include\string.h(245) : see declaration of 'strcmpi'
       Link:
         C:\Program Files (x86)\Microsoft Visual Studio 10.0\VC\bin\link.exe /ERRORREPORT:PROMPT /OUT:"c:\users\hp\documents\visual studio 2010\Projects\fathya3\Debug\fathya3.exe" /NOLOGO kernel32.lib user32.lib gdi32.lib winspool.lib comdlg32.lib advapi32.lib shell32.lib ole32.lib oleaut32.lib uuid.lib odbc32.lib odbccp32.lib /MANIFEST /ManifestFile:"Debug\fathya3.exe.intermediate.manifest" /MANIFESTUAC:"level='asInvoker' uiAccess='false'" /DEBUG /PDB:"c:\users\hp\documents\visual studio 2010\Projects\fathya3\Debug\fathya3.pdb" /TLBID:1 /DYNAMICBASE /NXCOMPAT /IMPLIB:"c:\users\hp\documents\visual studio 2010\Projects\fathya3\Debug\fathya3.lib" /MACHINE:X86 Debug\a.obj
         fathya3.vcxproj -> c:\users\hp\documents\visual studio 2010\Projects\fathya3\Debug\fathya3.exe
       Manifest:
         C:\Program Files (x86)\Microsoft SDKs\Windows\v7.0A\bin\mt.exe /nologo /verbose /outputresource:"c:\users\hp\documents\visual studio 2010\Projects\fathya3\Debug\fathya3.exe;#1" /manifest Debug\fathya3.exe.intermediate.manifest
       FinalizeBuildStatus:
         Deleting file "Debug\fathya3.unsuccessfulbuild".
         Touching "Debug\fathya3.lastbuildstate".
     1>Done Building Project "c:\Users\hp\documents\visual studio 2010\Projects\fathya3\fathya3\fathya3.vcxproj" (build target(s)).

Build succeeded.

Time Elapsed 00:00:03.52
